<?xml version="1.0" encoding="UTF-8"?>
<!-- Generated by org.testng.reporters.JUnitReportReporter -->
<testsuite hostname="DESKTOP-N60DO5E" failures="0" tests="4" name="testing.Test2" time="0.019" errors="0" timestamp="2024-05-23T13:06:11 IST" skipped="0">
  <testcase classname="testing.Test2" name="share" time="0.013"/>
  <system-out>
    <![CDATA[shares]]>
  </system-out>
  <testcase classname="testing.Test2" name="calls" time="0.002"/>
  <system-out>
    <![CDATA[calls]]>
  </system-out>
  <testcase classname="testing.Test2" name="settings" time="0.001"/>
  <system-out>
    <![CDATA[settings]]>
  </system-out>
  <testcase classname="testing.Test2" name="chats" time="0.003"/>
  <system-out>
    <![CDATA[chats]]>
  </system-out>
</testsuite> <!-- testing.Test2 -->
