<?xml version="1.0" encoding="UTF-8"?>
<!-- Generated by org.testng.reporters.JUnitReportReporter -->
<testsuite hostname="DESKTOP-N60DO5E" failures="0" tests="1" name="fulltestcase.Test1" time="5.777" errors="0" timestamp="2024-02-17T11:02:38 IST" skipped="0">
  <testcase classname="fulltestcase.Test1" name="tc1" time="5.777"/>
  <system-out/>
</testsuite> <!-- fulltestcase.Test1 -->
