<?xml version="1.0" encoding="UTF-8"?>
<!-- Generated by org.testng.reporters.JUnitReportReporter -->
<testsuite hostname="DESKTOP-N60DO5E" failures="0" tests="1" name="testing.Test0" time="0.016" errors="0" timestamp="2024-05-23T13:05:38 IST" skipped="0">
  <testcase classname="testing.Test0" name="demo" time="0.016"/>
  <system-out>
    <![CDATA[hello
selenium]]>
  </system-out>
</testsuite> <!-- testing.Test0 -->
