<?xml version="1.0" encoding="UTF-8"?>
<!-- Generated by org.testng.reporters.JUnitReportReporter -->
<testsuite hostname="DESKTOP-N60DO5E" failures="0" tests="1" name="testcase.Test0" time="5.237" errors="0" timestamp="2024-02-17T11:01:11 IST" skipped="0">
  <testcase classname="testcase.Test0" name="tc1" time="5.237"/>
  <system-out>
    <![CDATA[https://www.google.com/]]>
  </system-out>
</testsuite> <!-- testcase.Test0 -->
