<?xml version="1.0" encoding="UTF-8"?>
<!-- Generated by org.testng.reporters.JUnitReportReporter -->
<testsuite hostname="DESKTOP-N60DO5E" failures="0" tests="1" name="testcase.Test2" time="3.324" errors="0" timestamp="2024-02-17T11:01:11 IST" skipped="0">
  <testcase classname="testcase.Test2" name="tc1" time="3.324"/>
  <system-out>
    <![CDATA[https://www.naukri.com/mnjuser/homepage]]>
  </system-out>
</testsuite> <!-- testcase.Test2 -->
