<?xml version="1.0" encoding="UTF-8"?>
<!-- Generated by org.testng.reporters.JUnitReportReporter -->
<testsuite hostname="DESKTOP-N60DO5E" failures="0" tests="1" name="testcase.Test1" time="9.979" errors="0" timestamp="2024-02-17T11:01:11 IST" skipped="0">
  <testcase classname="testcase.Test1" name="tc1" time="9.979"/>
  <system-out>
    <![CDATA[https://www.linkedin.com/signup/cold-join?session_redirect=https%3A%2F%2Fwww%2Elinkedin%2Ecom%2Ffeed%2F&trk=login_reg_redirect]]>
  </system-out>
</testsuite> <!-- testcase.Test1 -->
